# JRE version: Java(TM) SE Runtime Environment (8.0_161-b12) (build 1.8.0_161-b12)
# Java VM: Java HotSpot(TM) 64-Bit Server VM (25.161-b12 mixed mode windows-amd64 compressed oops)
Heap:
 PSYoungGen      total 71680K, used 8436K [0x00000000d5f00000, 0x00000000e0400000, 0x0000000100000000)
  eden space 66560K, 5% used [0x00000000d5f00000,0x00000000d6240340,0x00000000da000000)
  from space 5120K, 99% used [0x00000000da000000,0x00000000da4fccf8,0x00000000da500000)
  to   space 17920K, 0% used [0x00000000df280000,0x00000000df280000,0x00000000e0400000)
 ParOldGen       total 87552K, used 35303K [0x0000000081c00000, 0x0000000087180000, 0x00000000d5f00000)
  object space 87552K, 40% used [0x0000000081c00000,0x0000000083e79c20,0x0000000087180000)
 Metaspace       used 19833K, capacity 20141K, committed 20480K, reserved 1067008K
  class space    used 2214K, capacity 2304K, committed 2304K, reserved 1048576K
GC Heap History (10 events):
Event: 2.082 GC heap before
{Heap before GC invocations=1 (full 0):
 PSYoungGen      total 38400K, used 31039K [0x00000000d5f00000, 0x00000000d8980000, 0x0000000100000000)
  eden space 33280K, 93% used [0x00000000d5f00000,0x00000000d7d4fe90,0x00000000d7f80000)
  from space 5120K, 0% used [0x00000000d8480000,0x00000000d8480000,0x00000000d8980000)
  to   space 5120K, 0% used [0x00000000d7f80000,0x00000000d7f80000,0x00000000d8480000)
 ParOldGen       total 87552K, used 0K [0x0000000081c00000, 0x0000000087180000, 0x00000000d5f00000)
  object space 87552K, 0% used [0x0000000081c00000,0x0000000081c00000,0x0000000087180000)
 Metaspace       used 18180K, capacity 18409K, committed 18688K, reserved 1064960K
  class space    used 2123K, capacity 2202K, committed 2304K, reserved 1048576K
Event: 2.089 GC heap after
Heap after GC invocations=1 (full 0):
 PSYoungGen      total 38400K, used 5105K [0x00000000d5f00000, 0x00000000d8980000, 0x0000000100000000)
  eden space 33280K, 0% used [0x00000000d5f00000,0x00000000d5f00000,0x00000000d7f80000)
  from space 5120K, 99% used [0x00000000d7f80000,0x00000000d847c680,0x00000000d8480000)
  to   space 5120K, 0% used [0x00000000d8480000,0x00000000d8480000,0x00000000d8980000)
 ParOldGen       total 87552K, used 6414K [0x0000000081c00000, 0x0000000087180000, 0x00000000d5f00000)
  object space 87552K, 7% used [0x0000000081c00000,0x00000000822439d8,0x0000000087180000)
 Metaspace       used 18180K, capacity 18409K, committed 18688K, reserved 1064960K
  class space    used 2123K, capacity 2202K, committed 2304K, reserved 1048576K
}
Event: 2.301 GC heap before
{Heap before GC invocations=2 (full 0):
 PSYoungGen      total 38400K, used 38385K [0x00000000d5f00000, 0x00000000d8980000, 0x0000000100000000)
  eden space 33280K, 100% used [0x00000000d5f00000,0x00000000d7f80000,0x00000000d7f80000)
  from space 5120K, 99% used [0x00000000d7f80000,0x00000000d847c680,0x00000000d8480000)
  to   space 5120K, 0% used [0x00000000d8480000,0x00000000d8480000,0x00000000d8980000)
 ParOldGen       total 87552K, used 6414K [0x0000000081c00000, 0x0000000087180000, 0x00000000d5f00000)
  object space 87552K, 7% used [0x0000000081c00000,0x00000000822439d8,0x0000000087180000)
 Metaspace       used 18254K, capacity 18473K, committed 18688K, reserved 1064960K
  class space    used 2127K, capacity 2202K, committed 2304K, reserved 1048576K
Event: 2.306 GC heap after
Heap after GC invocations=2 (full 0):
 PSYoungGen      total 38400K, used 5105K [0x00000000d5f00000, 0x00000000daa00000, 0x0000000100000000)
  eden space 33280K, 0% used [0x00000000d5f00000,0x00000000d5f00000,0x00000000d7f80000)
  from space 5120K, 99% used [0x00000000d8480000,0x00000000d897c660,0x00000000d8980000)
  to   space 5120K, 0% used [0x00000000d7f80000,0x00000000d7f80000,0x00000000d8480000)
 ParOldGen       total 87552K, used 15758K [0x0000000081c00000, 0x0000000087180000, 0x00000000d5f00000)
  object space 87552K, 17% used [0x0000000081c00000,0x0000000082b63a08,0x0000000087180000)
 Metaspace       used 18254K, capacity 18473K, committed 18688K, reserved 1064960K
  class space    used 2127K, capacity 2202K, committed 2304K, reserved 1048576K
}
Event: 2.508 GC heap before
{Heap before GC invocations=3 (full 0):
 PSYoungGen      total 38400K, used 38385K [0x00000000d5f00000, 0x00000000daa00000, 0x0000000100000000)
  eden space 33280K, 100% used [0x00000000d5f00000,0x00000000d7f80000,0x00000000d7f80000)
  from space 5120K, 99% used [0x00000000d8480000,0x00000000d897c660,0x00000000d8980000)
  to   space 5120K, 0% used [0x00000000d7f80000,0x00000000d7f80000,0x00000000d8480000)
 ParOldGen       total 87552K, used 15758K [0x0000000081c00000, 0x0000000087180000, 0x00000000d5f00000)
  object space 87552K, 17% used [0x0000000081c00000,0x0000000082b63a08,0x0000000087180000)
 Metaspace       used 18255K, capacity 18473K, committed 18688K, reserved 1064960K
  class space    used 2127K, capacity 2202K, committed 2304K, reserved 1048576K
Event: 2.513 GC heap after
Heap after GC invocations=3 (full 0):
 PSYoungGen      total 38400K, used 5095K [0x00000000d5f00000, 0x00000000daa00000, 0x0000000100000000)
  eden space 33280K, 0% used [0x00000000d5f00000,0x00000000d5f00000,0x00000000d7f80000)
  from space 5120K, 99% used [0x00000000d7f80000,0x00000000d8479e88,0x00000000d8480000)
  to   space 5120K, 0% used [0x00000000da500000,0x00000000da500000,0x00000000daa00000)
 ParOldGen       total 87552K, used 25014K [0x0000000081c00000, 0x0000000087180000, 0x00000000d5f00000)
  object space 87552K, 28% used [0x0000000081c00000,0x000000008346da48,0x0000000087180000)
 Metaspace       used 18255K, capacity 18473K, committed 18688K, reserved 1064960K
  class space    used 2127K, capacity 2202K, committed 2304K, reserved 1048576K
}
Event: 2.737 GC heap before
{Heap before GC invocations=4 (full 0):
 PSYoungGen      total 38400K, used 38375K [0x00000000d5f00000, 0x00000000daa00000, 0x0000000100000000)
  eden space 33280K, 100% used [0x00000000d5f00000,0x00000000d7f80000,0x00000000d7f80000)
  from space 5120K, 99% used [0x00000000d7f80000,0x00000000d8479e88,0x00000000d8480000)
  to   space 5120K, 0% used [0x00000000da500000,0x00000000da500000,0x00000000daa00000)
 ParOldGen       total 87552K, used 25014K [0x0000000081c00000, 0x0000000087180000, 0x00000000d5f00000)
  object space 87552K, 28% used [0x0000000081c00000,0x000000008346da48,0x0000000087180000)
 Metaspace       used 18255K, capacity 18473K, committed 18688K, reserved 1064960K
  class space    used 2127K, capacity 2202K, committed 2304K, reserved 1048576K
Event: 2.742 GC heap after
Heap after GC invocations=4 (full 0):
 PSYoungGen      total 71680K, used 5105K [0x00000000d5f00000, 0x00000000daa00000, 0x0000000100000000)
  eden space 66560K, 0% used [0x00000000d5f00000,0x00000000d5f00000,0x00000000da000000)
  from space 5120K, 99% used [0x00000000da500000,0x00000000da9fc660,0x00000000daa00000)
  to   space 5120K, 0% used [0x00000000da000000,0x00000000da000000,0x00000000da500000)
 ParOldGen       total 87552K, used 34276K [0x0000000081c00000, 0x0000000087180000, 0x00000000d5f00000)
  object space 87552K, 39% used [0x0000000081c00000,0x0000000083d792a0,0x0000000087180000)
 Metaspace       used 18255K, capacity 18473K, committed 18688K, reserved 1064960K
  class space    used 2127K, capacity 2202K, committed 2304K, reserved 1048576K
}
Event: 11.349 GC heap before
{Heap before GC invocations=5 (full 0):
 PSYoungGen      total 71680K, used 71665K [0x00000000d5f00000, 0x00000000daa00000, 0x0000000100000000)
  eden space 66560K, 100% used [0x00000000d5f00000,0x00000000da000000,0x00000000da000000)
  from space 5120K, 99% used [0x00000000da500000,0x00000000da9fc660,0x00000000daa00000)
  to   space 5120K, 0% used [0x00000000da000000,0x00000000da000000,0x00000000da500000)
 ParOldGen       total 87552K, used 34276K [0x0000000081c00000, 0x0000000087180000, 0x00000000d5f00000)
  object space 87552K, 39% used [0x0000000081c00000,0x0000000083d792a0,0x0000000087180000)
 Metaspace       used 19829K, capacity 20141K, committed 20480K, reserved 1067008K
  class space    used 2214K, capacity 2304K, committed 2304K, reserved 1048576K
Event: 11.356 GC heap after
Heap after GC invocations=5 (full 0):
 PSYoungGen      total 71680K, used 5107K [0x00000000d5f00000, 0x00000000e0400000, 0x0000000100000000)
  eden space 66560K, 0% used [0x00000000d5f00000,0x00000000d5f00000,0x00000000da000000)
  from space 5120K, 99% used [0x00000000da000000,0x00000000da4fccf8,0x00000000da500000)
  to   space 17920K, 0% used [0x00000000df280000,0x00000000df280000,0x00000000e0400000)
 ParOldGen       total 87552K, used 35303K [0x0000000081c00000, 0x0000000087180000, 0x00000000d5f00000)
  object space 87552K, 40% used [0x0000000081c00000,0x0000000083e79c20,0x0000000087180000)
 Metaspace       used 19829K, capacity 20141K, committed 20480K, reserved 1067008K
  class space    used 2214K, capacity 2304K, committed 2304K, reserved 1048576K
}

